# JRE version: OpenJDK Runtime Environment Microsoft-11933218 (21.0.8+9) (build 21.0.8+9-LTS)
# Java VM: OpenJDK 64-Bit Server VM Microsoft-11933218 (21.0.8+9-LTS, mixed mode, emulated-client, sharing, tiered, compressed oops, compressed class ptrs, g1 gc, windows-amd64)
GC Precious Log:
 CardTable entry size: 512
 Card Set container configuration: InlinePtr #cards 4 size 8 Array Of Cards #cards 32 size 80 Howl #buckets 8 coarsen threshold 7372 Howl Bitmap #cards 1024 size 144 coarsen threshold 921 Card regions per heap region 1 cards per card region 8192
 CPUs: 12 total, 12 available
 Memory: 31853M
 Large Page Support: Disabled
 NUMA Support: Disabled
 Compressed Oops: Enabled (Zero based)
 Heap Region Size: 4M
 Heap Min Capacity: 8M
 Heap Initial Capacity: 500M
 Heap Max Capacity: 7964M
 Pre-touch: Disabled
 Parallel Workers: 10
 Concurrent Workers: 3
 Concurrent Refinement Workers: 10
 Periodic GC: Disabled
Heap:
 garbage-first heap   total 352256K, used 257588K [0x000000060e400000, 0x0000000800000000)
  region size 4096K, 51 young (208896K), 1 survivors (4096K)
 Metaspace       used 86257K, committed 87296K, reserved 1179648K
  class space    used 12771K, committed 13248K, reserved 1048576K
GC Heap History (20 events):
Event: 9154.113 GC heap after
{Heap after GC invocations=727 (full 0):
 garbage-first heap   total 352256K, used 51279K [0x000000060e400000, 0x0000000800000000)
  region size 4096K, 1 young (4096K), 1 survivors (4096K)
 Metaspace       used 86257K, committed 87296K, reserved 1179648K
  class space    used 12771K, committed 13248K, reserved 1048576K
}
Event: 9219.571 GC heap before
{Heap before GC invocations=727 (full 0):
 garbage-first heap   total 352256K, used 251983K [0x000000060e400000, 0x0000000800000000)
  region size 4096K, 51 young (208896K), 1 survivors (4096K)
 Metaspace       used 86257K, committed 87296K, reserved 1179648K
  class space    used 12771K, committed 13248K, reserved 1048576K
}
Event: 9219.572 GC heap after
{Heap after GC invocations=728 (full 0):
 garbage-first heap   total 352256K, used 52415K [0x000000060e400000, 0x0000000800000000)
  region size 4096K, 1 young (4096K), 1 survivors (4096K)
 Metaspace       used 86257K, committed 87296K, reserved 1179648K
  class space    used 12771K, committed 13248K, reserved 1048576K
}
Event: 9286.066 GC heap before
{Heap before GC invocations=728 (full 0):
 garbage-first heap   total 352256K, used 253119K [0x000000060e400000, 0x0000000800000000)
  region size 4096K, 51 young (208896K), 1 survivors (4096K)
 Metaspace       used 86257K, committed 87296K, reserved 1179648K
  class space    used 12771K, committed 13248K, reserved 1048576K
}
Event: 9286.067 GC heap after
{Heap after GC invocations=729 (full 0):
 garbage-first heap   total 352256K, used 51242K [0x000000060e400000, 0x0000000800000000)
  region size 4096K, 1 young (4096K), 1 survivors (4096K)
 Metaspace       used 86257K, committed 87296K, reserved 1179648K
  class space    used 12771K, committed 13248K, reserved 1048576K
}
Event: 9350.580 GC heap before
{Heap before GC invocations=729 (full 0):
 garbage-first heap   total 352256K, used 251946K [0x000000060e400000, 0x0000000800000000)
  region size 4096K, 51 young (208896K), 1 survivors (4096K)
 Metaspace       used 86257K, committed 87296K, reserved 1179648K
  class space    used 12771K, committed 13248K, reserved 1048576K
}
Event: 9350.581 GC heap after
{Heap after GC invocations=730 (full 0):
 garbage-first heap   total 352256K, used 52461K [0x000000060e400000, 0x0000000800000000)
  region size 4096K, 1 young (4096K), 1 survivors (4096K)
 Metaspace       used 86257K, committed 87296K, reserved 1179648K
  class space    used 12771K, committed 13248K, reserved 1048576K
}
Event: 9416.976 GC heap before
{Heap before GC invocations=730 (full 0):
 garbage-first heap   total 352256K, used 253165K [0x000000060e400000, 0x0000000800000000)
  region size 4096K, 51 young (208896K), 1 survivors (4096K)
 Metaspace       used 86257K, committed 87296K, reserved 1179648K
  class space    used 12771K, committed 13248K, reserved 1048576K
}
Event: 9416.977 GC heap after
{Heap after GC invocations=731 (full 0):
 garbage-first heap   total 352256K, used 51276K [0x000000060e400000, 0x0000000800000000)
  region size 4096K, 1 young (4096K), 1 survivors (4096K)
 Metaspace       used 86257K, committed 87296K, reserved 1179648K
  class space    used 12771K, committed 13248K, reserved 1048576K
}
Event: 9482.640 GC heap before
{Heap before GC invocations=731 (full 0):
 garbage-first heap   total 352256K, used 251980K [0x000000060e400000, 0x0000000800000000)
  region size 4096K, 51 young (208896K), 1 survivors (4096K)
 Metaspace       used 86257K, committed 87296K, reserved 1179648K
  class space    used 12771K, committed 13248K, reserved 1048576K
}
Event: 9482.641 GC heap after
{Heap after GC invocations=732 (full 0):
 garbage-first heap   total 352256K, used 51256K [0x000000060e400000, 0x0000000800000000)
  region size 4096K, 1 young (4096K), 1 survivors (4096K)
 Metaspace       used 86257K, committed 87296K, reserved 1179648K
  class space    used 12771K, committed 13248K, reserved 1048576K
}
Event: 9548.003 GC heap before
{Heap before GC invocations=732 (full 0):
 garbage-first heap   total 352256K, used 251960K [0x000000060e400000, 0x0000000800000000)
  region size 4096K, 51 young (208896K), 1 survivors (4096K)
 Metaspace       used 86257K, committed 87296K, reserved 1179648K
  class space    used 12771K, committed 13248K, reserved 1048576K
}
Event: 9548.004 GC heap after
{Heap after GC invocations=733 (full 0):
 garbage-first heap   total 352256K, used 51328K [0x000000060e400000, 0x0000000800000000)
  region size 4096K, 1 young (4096K), 1 survivors (4096K)
 Metaspace       used 86257K, committed 87296K, reserved 1179648K
  class space    used 12771K, committed 13248K, reserved 1048576K
}
Event: 9613.512 GC heap before
{Heap before GC invocations=733 (full 0):
 garbage-first heap   total 352256K, used 252032K [0x000000060e400000, 0x0000000800000000)
  region size 4096K, 51 young (208896K), 1 survivors (4096K)
 Metaspace       used 86257K, committed 87296K, reserved 1179648K
  class space    used 12771K, committed 13248K, reserved 1048576K
}
Event: 9613.513 GC heap after
{Heap after GC invocations=734 (full 0):
 garbage-first heap   total 352256K, used 52470K [0x000000060e400000, 0x0000000800000000)
  region size 4096K, 1 young (4096K), 1 survivors (4096K)
 Metaspace       used 86257K, committed 87296K, reserved 1179648K
  class space    used 12771K, committed 13248K, reserved 1048576K
}
Event: 9679.094 GC heap before
{Heap before GC invocations=734 (full 0):
 garbage-first heap   total 352256K, used 253174K [0x000000060e400000, 0x0000000800000000)
  region size 4096K, 51 young (208896K), 1 survivors (4096K)
 Metaspace       used 86257K, committed 87296K, reserved 1179648K
  class space    used 12771K, committed 13248K, reserved 1048576K
}
Event: 9679.095 GC heap after
{Heap after GC invocations=735 (full 0):
 garbage-first heap   total 352256K, used 51294K [0x000000060e400000, 0x0000000800000000)
  region size 4096K, 1 young (4096K), 1 survivors (4096K)
 Metaspace       used 86257K, committed 87296K, reserved 1179648K
  class space    used 12771K, committed 13248K, reserved 1048576K
}
Event: 9745.405 GC heap before
{Heap before GC invocations=735 (full 0):
 garbage-first heap   total 352256K, used 251998K [0x000000060e400000, 0x0000000800000000)
  region size 4096K, 51 young (208896K), 1 survivors (4096K)
 Metaspace       used 86257K, committed 87296K, reserved 1179648K
  class space    used 12771K, committed 13248K, reserved 1048576K
}
Event: 9745.406 GC heap after
{Heap after GC invocations=736 (full 0):
 garbage-first heap   total 352256K, used 53690K [0x000000060e400000, 0x0000000800000000)
  region size 4096K, 1 young (4096K), 1 survivors (4096K)
 Metaspace       used 86257K, committed 87296K, reserved 1179648K
  class space    used 12771K, committed 13248K, reserved 1048576K
}
Event: 10018.401 GC heap before
{Heap before GC invocations=736 (full 0):
 garbage-first heap   total 352256K, used 254394K [0x000000060e400000, 0x0000000800000000)
  region size 4096K, 51 young (208896K), 1 survivors (4096K)
 Metaspace       used 86257K, committed 87296K, reserved 1179648K
  class space    used 12771K, committed 13248K, reserved 1048576K
}

